#
# There is insufficient memory for the Java Runtime Environment to continue.
# Native memory allocation (malloc) failed to allocate 244048 bytes for Chunk::new
# Possible reasons:
#   The system is out of physical RAM or swap space
#   In 32 bit mode, the process size limit was hit
# Possible solutions:
#   Reduce memory load on the system
#   Increase physical memory or swap space
#   Check if swap backing store is full
#   Use 64 bit Java on a 64 bit OS
#   Decrease Java heap size (-Xmx/-Xms)
#   Decrease number of Java threads
#   Decrease Java thread stack sizes (-Xss)
#   Set larger code cache with -XX:ReservedCodeCacheSize=
# This output file may be truncated or incomplete.
#
#  Out of Memory Error (allocation.cpp:390), pid=6408, tid=6080
#
# JRE version: Java(TM) SE Runtime Environment (8.0_60-b27) (build 1.8.0_60-b27)
# Java VM: Java HotSpot(TM) 64-Bit Server VM (25.60-b23 mixed mode windows-amd64 compressed oops)
# Failed to write core dump. Minidumps are not enabled by default on client versions of Windows
#

---------------  T H R E A D  ---------------

Current thread (0x0000000015293000):  JavaThread "C2 CompilerThread1" daemon [_thread_in_native, id=6080, stack(0x0000000016c60000,0x0000000016d60000)]

Stack: [0x0000000016c60000,0x0000000016d60000]
[error occurred during error reporting (printing stack bounds), id 0xc0000005]

Native frames: (J=compiled Java code, j=interpreted, Vv=VM code, C=native code)


Current CompileTask:
C2:   3418 1071       4       com.android.dx.ssa.SsaMethod::forEachInsn (36 bytes)


---------------  P R O C E S S  ---------------

Java Threads: ( => current thread )
  0x0000000015296800 JavaThread "Service Thread" daemon [_thread_blocked, id=5684, stack(0x00000000167c0000,0x00000000168c0000)]
  0x0000000015294000 JavaThread "C1 CompilerThread2" daemon [_thread_in_native, id=5780, stack(0x0000000016d60000,0x0000000016e60000)]
=>0x0000000015293000 JavaThread "C2 CompilerThread1" daemon [_thread_in_native, id=6080, stack(0x0000000016c60000,0x0000000016d60000)]
  0x000000001528f000 JavaThread "C2 CompilerThread0" daemon [_thread_in_native, id=1536, stack(0x0000000016b20000,0x0000000016c20000)]
  0x000000001529e800 JavaThread "Attach Listener" daemon [_thread_blocked, id=348, stack(0x0000000016970000,0x0000000016a70000)]
  0x000000001529d000 JavaThread "Signal Dispatcher" daemon [_thread_blocked, id=2416, stack(0x0000000016690000,0x0000000016790000)]
  0x0000000015231800 JavaThread "Finalizer" daemon [_thread_blocked, id=3540, stack(0x00000000164f0000,0x00000000165f0000)]
  0x0000000015230000 JavaThread "Reference Handler" daemon [_thread_blocked, id=1688, stack(0x0000000016230000,0x0000000016330000)]
  0x000000000238e000 JavaThread "main" [_thread_in_vm, id=8076, stack(0x0000000002610000,0x0000000002710000)]

Other Threads:
  0x000000001522a800 VMThread [stack: 0x0000000016370000,0x0000000016470000] [id=5864]
  0x0000000016ed2800 WatcherThread [stack: 0x00000000172d0000,0x00000000173d0000] [id=3040]

VM state:not at safepoint (normal execution)

VM Mutex/Monitor currently owned by a thread: None

Heap:
 PSYoungGen      total 18944K, used 5646K [0x00000000eab00000, 0x00000000ec000000, 0x0000000100000000)
  eden space 16384K, 18% used [0x00000000eab00000,0x00000000eae09f38,0x00000000ebb00000)
  from space 2560K, 99% used [0x00000000ebb00000,0x00000000ebd79c68,0x00000000ebd80000)
  to   space 2560K, 0% used [0x00000000ebd80000,0x00000000ebd80000,0x00000000ec000000)
 ParOldGen       total 44032K, used 1650K [0x00000000c0000000, 0x00000000c2b00000, 0x00000000eab00000)
  object space 44032K, 3% used [0x00000000c0000000,0x00000000c019cb10,0x00000000c2b00000)
 Metaspace       used 5594K, capacity 6832K, committed 7040K, reserved 1056768K
  class space    used 552K, capacity 616K, committed 640K, reserved 1048576K

Card table byte_map: [0x0000000011da0000,0x0000000011fb0000] byte_map_base: 0x00000000117a0000

Marking Bits: (ParMarkBitMap*) 0x000000005297a5b0
 Begin Bits: [0x00000000126a0000, 0x00000000136a0000)
 End Bits:   [0x00000000136a0000, 0x00000000146a0000)

Polling page: 0x00000000001c0000

CodeCache: size=245760Kb used=4448Kb max_used=4448Kb free=241311Kb
 bounds [0x00000000029e0000, 0x0000000002e40000, 0x00000000119e0000]
 total_blobs=1335 nmethods=1071 adapters=177
 compilation: enabled

Compilation events (10 events):
Event: 3.391 Thread 0x0000000015294000 1073       1       sun.util.calendar.CalendarDate::getYear (5 bytes)
Event: 3.391 Thread 0x0000000015294000 nmethod 1073 0x0000000002e2e250 code [0x0000000002e2e3a0, 0x0000000002e2e4b0]
Event: 3.391 Thread 0x0000000015294000 1077       1       com.android.dx.cf.code.BasicBlocker::setPreviousOffset (6 bytes)
Event: 3.391 Thread 0x0000000015294000 nmethod 1077 0x0000000002e360d0 code [0x0000000002e36220, 0x0000000002e36330]
Event: 3.391 Thread 0x0000000015294000 1074       1       sun.util.calendar.CalendarDate::getZone (5 bytes)
Event: 3.391 Thread 0x0000000015294000 nmethod 1074 0x0000000002e35e10 code [0x0000000002e35f60, 0x0000000002e36070]
Event: 3.392 Thread 0x0000000015294000 1078       3       com.android.dx.util.FixedSizeList::shrinkToFit (103 bytes)
Event: 3.393 Thread 0x0000000015294000 nmethod 1078 0x0000000002e39c50 code [0x0000000002e39e00, 0x0000000002e3a688]
Event: 3.393 Thread 0x0000000015294000 1079       3       com.android.dx.util.LabeledList::rebuildLabelToIndex (46 bytes)
Event: 3.394 Thread 0x0000000015294000 nmethod 1079 0x0000000002e35390 code [0x0000000002e35540, 0x0000000002e35ba8]

GC Heap History (2 events):
Event: 2.785 GC heap before
{Heap before GC invocations=1 (full 0):
 PSYoungGen      total 18944K, used 16384K [0x00000000eab00000, 0x00000000ec000000, 0x0000000100000000)
  eden space 16384K, 100% used [0x00000000eab00000,0x00000000ebb00000,0x00000000ebb00000)
  from space 2560K, 0% used [0x00000000ebd80000,0x00000000ebd80000,0x00000000ec000000)
  to   space 2560K, 0% used [0x00000000ebb00000,0x00000000ebb00000,0x00000000ebd80000)
 ParOldGen       total 44032K, used 0K [0x00000000c0000000, 0x00000000c2b00000, 0x00000000eab00000)
  object space 44032K, 0% used [0x00000000c0000000,0x00000000c0000000,0x00000000c2b00000)
 Metaspace       used 5533K, capacity 6832K, committed 7040K, reserved 1056768K
  class space    used 552K, capacity 616K, committed 640K, reserved 1048576K
Event: 3.000 GC heap after
Heap after GC invocations=1 (full 0):
 PSYoungGen      total 18944K, used 2535K [0x00000000eab00000, 0x00000000ec000000, 0x0000000100000000)
  eden space 16384K, 0% used [0x00000000eab00000,0x00000000eab00000,0x00000000ebb00000)
  from space 2560K, 99% used [0x00000000ebb00000,0x00000000ebd79c68,0x00000000ebd80000)
  to   space 2560K, 0% used [0x00000000ebd80000,0x00000000ebd80000,0x00000000ec000000)
 ParOldGen       total 44032K, used 1650K [0x00000000c0000000, 0x00000000c2b00000, 0x00000000eab00000)
  object space 44032K, 3% used [0x00000000c0000000,0x00000000c019cb10,0x00000000c2b00000)
 Metaspace       used 5533K, capacity 6832K, committed 7040K, reserved 1056768K
  class space    used 552K, capacity 616K, committed 640K, reserved 1048576K
}

Deoptimization events (0 events):
No events

Internal exceptions (2 events):
Event: 0.142 Thread 0x000000000238e000 Exception <a 'java/lang/NoSuchMethodError': Method sun.misc.Unsafe.defineClass(Ljava/lang/String;[BII)Ljava/lang/Class; name or signature does not match> (0x00000000eab0d848) thrown at [C:\re\workspace\8-2-build-windows-amd64-cygwin\jdk8u60\4407\hotspot\srjŒGhÛ3Â?
Event: 0.142 Thread 0x000000000238e000 Exception <a 'java/lang/NoSuchMethodError': Method sun.misc.Unsafe.prefetchRead(Ljava/lang/Object;J)V name or signature does not match> (0x00000000eab0db30) thrown at [C:\re\workspace\8-2-build-windows-amd64-cygwin\jdk8u60\4407\hotspot\src\share\vm\prims\j

Events (10 events):
Event: 1.449 loading class com/android/dx/cf/attrib/AttRuntimeVisibleAnnotations
Event: 1.449 loading class com/android/dx/cf/attrib/AttRuntimeVisibleAnnotations done
Event: 1.450 loading class com/android/dx/cf/attrib/BaseAnnotations
Event: 1.450 loading class com/android/dx/cf/attrib/BaseAnnotations done
Event: 1.453 loading class com/android/dx/dex/file/FieldAnnotationStruct
Event: 1.453 loading class com/android/dx/dex/file/FieldAnnotationStruct done
Event: 1.962 loading class java/util/ArrayList$1
Event: 1.962 loading class java/util/ArrayList$1 done
Event: 2.785 Executing VM operation: ParallelGCFailedAllocation
Event: 3.000 Executing VM operation: ParallelGCFailedAllocation done


Dynamic libraries:
0x000000013fc00000 - 0x000000013fc37000 	C:\Program Files\Java\jdk1.8.0_60\bin\java.exe
0x0000000077a20000 - 0x0000000077bc9000 	C:\Windows\SYSTEM32\ntdll.dll
0x0000000077900000 - 0x0000000077a1f000 	C:\Windows\system32\kernel32.dll
0x000007fefd980000 - 0x000007fefd9eb000 	C:\Windows\system32\KERNELBASE.dll
0x000007fefeee0000 - 0x000007fefefbb000 	C:\Windows\system32\ADVAPI32.dll
0x000007feff110000 - 0x000007feff1af000 	C:\Windows\system32\msvcrt.dll
0x000007feff1b0000 - 0x000007feff1cf000 	C:\Windows\SYSTEM32\sechost.dll
0x000007fefdc00000 - 0x000007fefdd2d000 	C:\Windows\system32\RPCRT4.dll
0x0000000077800000 - 0x00000000778fa000 	C:\Windows\system32\USER32.dll
0x000007feff0a0000 - 0x000007feff107000 	C:\Windows\system32\GDI32.dll
0x000007feff5a0000 - 0x000007feff5ae000 	C:\Windows\system32\LPK.dll
0x000007feff8e0000 - 0x000007feff9a9000 	C:\Windows\system32\USP10.dll
0x000007fefc250000 - 0x000007fefc444000 	C:\Windows\WinSxS\amd64_microsoft.windows.common-controls_6595b64144ccf1df_6.0.7601.17514_none_fa396087175ac9ac\COMCTL32.dll
0x000007feffcb0000 - 0x000007feffd21000 	C:\Windows\system32\SHLWAPI.dll
0x000007feff330000 - 0x000007feff35e000 	C:\Windows\system32\IMM32.DLL
0x000007feff5b0000 - 0x000007feff6b9000 	C:\Windows\system32\MSCTF.dll
0x000000006c7d0000 - 0x000000006c8a2000 	C:\Program Files\Java\jdk1.8.0_60\jre\bin\msvcr100.dll
0x0000000052170000 - 0x00000000529f9000 	C:\Program Files\Java\jdk1.8.0_60\jre\bin\server\jvm.dll
0x000007fefa3d0000 - 0x000007fefa3d9000 	C:\Windows\system32\WSOCK32.dll
0x000007fefe060000 - 0x000007fefe0ad000 	C:\Windows\system32\WS2_32.dll
0x000007feff8d0000 - 0x000007feff8d8000 	C:\Windows\system32\NSI.dll
0x000007fefbcc0000 - 0x000007fefbcfb000 	C:\Windows\system32\WINMM.dll
0x000007fefc8e0000 - 0x000007fefc8ec000 	C:\Windows\system32\VERSION.dll
0x0000000077be0000 - 0x0000000077be7000 	C:\Windows\system32\PSAPI.DLL
0x0000000073be0000 - 0x0000000073bef000 	C:\Program Files\Java\jdk1.8.0_60\jre\bin\verify.dll
0x0000000073b20000 - 0x0000000073b49000 	C:\Program Files\Java\jdk1.8.0_60\jre\bin\java.dll
0x0000000073bc0000 - 0x0000000073bd6000 	C:\Program Files\Java\jdk1.8.0_60\jre\bin\zip.dll
0x000007fefe0b0000 - 0x000007fefee38000 	C:\Windows\system32\SHELL32.dll
0x000007feff6c0000 - 0x000007feff8c3000 	C:\Windows\system32\ole32.dll
0x000007fefd7d0000 - 0x000007fefd7df000 	C:\Windows\system32\profapi.dll

VM Arguments:
jvm_args: -Xmx1024M -Dfile.encoding=windows-1252 -Duser.country=ES -Duser.language=es -Duser.variant 
java_command: com.android.dx.command.Main --dex --output D:\Android-master\app\build\intermediates\pre-dexed\debug\org.apache.http.legacy-c8937f9012a68ef0962c2573bef0ae082408920b.jar D:\Android-master\app\libs\org.apache.http.legacy.jar
java_class_path (initial): C:\Users\Yami\AppData\Local\Android\sdk1\build-tools\21.1.2\lib\dx.jar
Launcher Type: SUN_STANDARD

Environment Variables:
PATH=C:\ProgramData\Oracle\Java\javapath;C:\Program Files (x86)\HP SimplePass 2012\;C:\Program Files\Common Files\Microsoft Shared\Windows Live;C:\Program Files (x86)\Common Files\Microsoft Shared\Windows Live;C:\Windows\system32;C:\Windows;C:\Windows\System32\Wbem;C:\Windows\System32\WindowsPowerShell\v1.0\;C:\Program Files (x86)\Windows Live\Shared;C:\Program Files\Intel\WiFi\bin\;C:\Program Files\Common Files\Intel\WirelessCommon\;C:\Program Files (x86)\Intel\Services\IPT\;c:\Program Files (x86)\Microsoft SQL Server\100\Tools\Binn\;c:\Program Files (x86)\Microsoft SQL Server\100\DTS\Binn\;c:\Program Files (x86)\Microsoft SQL Server\100\Tools\Binn\VSShell\Common7\IDE\;C:\Program Files (x86)\Windows Kits\8.1\Windows Performance Toolkit\;C:\Program Files\Microsoft SQL Server\110\Tools\Binn\;C:\Program Files (x86)\Microsoft SDKs\TypeScript\1.0\;C:\Program Files\Microsoft SQL Server\120\Tools\Binn\;C:\Program Files (x86)\GitExtensions\;C:\Program Files (x86)\Skype\Phone\
USERNAME=Yami
OS=Windows_NT
PROCESSOR_IDENTIFIER=Intel64 Family 6 Model 42 Stepping 7, GenuineIntel



---------------  S Y S T E M  ---------------

OS: Windows 7 , 64 bit Build 7601 (6.1.7601.18015)

CPU:total 4 (2 cores per cpu, 2 threads per core) family 6 model 42 stepping 7, cmov, cx8, fxsr, mmx, sse, sse2, sse3, ssse3, sse4.1, sse4.2, popcnt, avx, aes, clmul, ht, tsc, tscinvbit

Memory: 4k page, physical 4138428k(446592k free), swap 5265004k(5124k free)

vm_info: Java HotSpot(TM) 64-Bit Server VM (25.60-b23) for windows-amd64 JRE (1.8.0_60-b27), built on Aug  4 2015 11:06:27 by "java_re" with MS VC++ 10.0 (VS2010)

time: Sun Nov 08 01:10:34 2015
elapsed time: 3 seconds (0d 0h 0m 3s)

